This is pdfTeX, Version 3.14159265-2.6-1.40.15 (TeX Live 2014) (preloaded format=pdflatex 2014.5.25)  1 OCT 2015 03:30
entering extended mode
 restricted \write18 enabled.
 file:line:error style messages enabled.
 %&-line parsing enabled.
**which_law_2_use.tex
(./which_law_2_use.tex
LaTeX2e <2014/05/01>
Babel <3.9k> and hyphenation patterns for 78 languages loaded.
(./mn2e.cls
Document Class: mn2e 2001/02/06 v2.2 LaTeX2e MN document class
Document Style `MN' v2.2, released 2001 February 20
\math@groups=\toks14
LaTeX Font Info:    Overwriting symbol font `symbols' in version `bold'
(Font)                  OMS/cmsy/b/n --> OMS/cmsy/b/n on input line 223.
\symbmisymbols=\mathgroup4
\symUPM=\mathgroup5
LaTeX Font Info:    Overwriting symbol font `UPM' in version `bold'
(Font)                  U/eur/m/n --> U/eur/b/n on input line 260.
\symAMSa=\mathgroup6
\SFB@measure=\dimen102
\realparindent=\skip41
\c@part=\count79
\c@section=\count80
\c@subsection=\count81
\c@subsubsection=\count82
\c@paragraph=\count83
\c@subparagraph=\count84
\@indentskip=\skip42
\smallindent=\skip43
\@footindent=\skip44
\@leftskip=\skip45
\c@dummy=\count85
(/usr/local/texlive/2014/texmf-dist/tex/latex/natbib/natbib.sty
Package: natbib 2010/09/13 8.31b (PWD, AO)
\bibhang=\skip46
\bibsep=\skip47
LaTeX Info: Redefining \cite on input line 694.
\c@NAT@ctr=\count86
)
\c@table=\count87
\c@figure=\count88
\mathindent=\dimen103
)
(/usr/local/texlive/2014/texmf-dist/tex/latex/lineno/lineno.sty
Package: lineno 2005/11/02 line numbers on paragraphs v4.41
\linenopenalty=\count89
\output=\toks15
\linenoprevgraf=\count90
\linenumbersep=\dimen104
\linenumberwidth=\dimen105
\c@linenumber=\count91
\c@pagewiselinenumber=\count92
\c@LN@truepage=\count93
\c@internallinenumber=\count94
\c@internallinenumbers=\count95
\quotelinenumbersep=\dimen106
\bframerule=\dimen107
\bframesep=\dimen108
\bframebox=\box26
LaTeX Info: Redefining \\ on input line 3056.
)
(/usr/local/texlive/2014/texmf-dist/tex/latex/graphics/graphicx.sty
Package: graphicx 2014/04/25 v1.0g Enhanced LaTeX Graphics (DPC,SPQR)

(/usr/local/texlive/2014/texmf-dist/tex/latex/graphics/keyval.sty
Package: keyval 2014/05/08 v1.15 key=value parser (DPC)
\KV@toks@=\toks16
)
(/usr/local/texlive/2014/texmf-dist/tex/latex/graphics/graphics.sty
Package: graphics 2009/02/05 v1.0o Standard LaTeX Graphics (DPC,SPQR)

(/usr/local/texlive/2014/texmf-dist/tex/latex/graphics/trig.sty
Package: trig 1999/03/16 v1.09 sin cos tan (DPC)
)
(/usr/local/texlive/2014/texmf-dist/tex/latex/latexconfig/graphics.cfg
File: graphics.cfg 2010/04/23 v1.9 graphics configuration of TeX Live
)
Package graphics Info: Driver file: pdftex.def on input line 91.

(/usr/local/texlive/2014/texmf-dist/tex/latex/pdftex-def/pdftex.def
File: pdftex.def 2011/05/27 v0.06d Graphics/color for pdfTeX

(/usr/local/texlive/2014/texmf-dist/tex/generic/oberdiek/infwarerr.sty
Package: infwarerr 2010/04/08 v1.3 Providing info/warning/error messages (HO)
)
(/usr/local/texlive/2014/texmf-dist/tex/generic/oberdiek/ltxcmds.sty
Package: ltxcmds 2011/11/09 v1.22 LaTeX kernel commands for general use (HO)
)
\Gread@gobject=\count96
))
\Gin@req@height=\dimen109
\Gin@req@width=\dimen110
)
(/usr/local/texlive/2014/texmf-dist/tex/latex/tools/longtable.sty
Package: longtable 2004/02/01 v4.11 Multi-page Table package (DPC)
\LTleft=\skip48
\LTright=\skip49
\LTpre=\skip50
\LTpost=\skip51
\LTchunksize=\count97
\LTcapwidth=\dimen111
\LT@head=\box27
\LT@firsthead=\box28
\LT@foot=\box29
\LT@lastfoot=\box30
\LT@cols=\count98
\LT@rows=\count99
\c@LT@tables=\count100
\c@LT@chunks=\count101
\LT@p@ftn=\toks17
)
(/usr/local/texlive/2014/texmf-dist/tex/latex/amsfonts/amssymb.sty
Package: amssymb 2013/01/14 v3.01 AMS font symbols

(/usr/local/texlive/2014/texmf-dist/tex/latex/amsfonts/amsfonts.sty
Package: amsfonts 2013/01/14 v3.01 Basic AMSFonts support
\@emptytoks=\toks18
LaTeX Font Info:    Redeclaring symbol font `AMSa' on input line 59.
LaTeX Font Info:    Overwriting symbol font `AMSa' in version `normal'
(Font)                  U/msa/m/n --> U/msa/m/n on input line 59.
LaTeX Font Info:    Overwriting symbol font `AMSa' in version `bold'
(Font)                  U/msa/m/n --> U/msa/m/n on input line 59.
\symAMSb=\mathgroup7
LaTeX Font Info:    Overwriting math alphabet `\mathfrak' in version `bold'
(Font)                  U/euf/m/n --> U/euf/b/n on input line 106.
)
LaTeX Font Info:    Redeclaring math symbol \leqslant on input line 101.
LaTeX Font Info:    Redeclaring math symbol \geqslant on input line 108.
)
(/usr/local/texlive/2014/texmf-dist/tex/latex/tools/tabularx.sty
Package: tabularx 2014/05/13 v2.10 `tabularx' package (DPC)

(/usr/local/texlive/2014/texmf-dist/tex/latex/tools/array.sty
Package: array 2008/09/09 v2.4c Tabular extension package (FMi)
\col@sep=\dimen112
\extrarowheight=\dimen113
\NC@list=\toks19
\extratabsurround=\skip52
\backup@length=\skip53
)
\TX@col@width=\dimen114
\TX@old@table=\dimen115
\TX@old@col=\dimen116
\TX@target=\dimen117
\TX@delta=\dimen118
\TX@cols=\count102
\TX@ftn=\toks20
)
(/usr/local/texlive/2014/texmf-dist/tex/latex/blindtext/blindtext.sty
Package: blindtext 2012/01/06 V2.0 blindtext-Package

(/usr/local/texlive/2014/texmf-dist/tex/latex/tools/xspace.sty
Package: xspace 2009/10/20 v1.13 Space after command names (DPC,MH)
)
\c@blindtext=\count103
\c@Blindtext=\count104
\c@blind@countparstart=\count105
\blind@countxx=\count106
\blindtext@numBlindtext=\count107
\blind@countyy=\count108
\c@blindlist=\count109
\c@blindlistlevel=\count110
\c@blindlist@level=\count111
\blind@listitem=\count112
\c@blind@listcount=\count113
\c@blind@levelcount=\count114
\blind@mathformula=\count115
\blind@Mathformula=\count116
\c@blind@randomcount=\count117
\c@blind@randommax=\count118
\c@blind@pangramcount=\count119
\c@blind@pangrammax=\count120
)
(/usr/local/texlive/2014/texmf-dist/tex/latex/graphics/lscape.sty
Package: lscape 2000/10/22 v3.01 Landscape Pages (DPC)
)
(/usr/local/texlive/2014/texmf-dist/tex/latex/url/url.sty
\Urlmuskip=\muskip10
Package: url 2013/09/16  ver 3.4  Verb mode for urls, etc.
)

LaTeX Warning: Unused global option(s):
    [a4paper,12pt,revtex4].

(./which_law_2_use.aux

Package natbib Warning: Citation `klinglesmith1970' multiply defined.

)
\openout1 = `which_law_2_use.aux'.

LaTeX Font Info:    Checking defaults for OML/cmm/m/it on input line 57.
LaTeX Font Info:    ... okay on input line 57.
LaTeX Font Info:    Checking defaults for T1/cmr/m/n on input line 57.
LaTeX Font Info:    ... okay on input line 57.
LaTeX Font Info:    Checking defaults for OT1/cmr/m/n on input line 57.
LaTeX Font Info:    ... okay on input line 57.
LaTeX Font Info:    Checking defaults for OMS/cmsy/m/n on input line 57.
LaTeX Font Info:    ... okay on input line 57.
LaTeX Font Info:    Checking defaults for OMX/cmex/m/n on input line 57.
LaTeX Font Info:    ... okay on input line 57.
LaTeX Font Info:    Checking defaults for U/cmr/m/n on input line 57.
LaTeX Font Info:    ... okay on input line 57.
 (/usr/local/texlive/2014/texmf-dist/tex/context/base/supp-pdf.mkii
[Loading MPS to PDF converter (version 2006.09.02).]
\scratchcounter=\count121
\scratchdimen=\dimen119
\scratchbox=\box31
\nofMPsegments=\count122
\nofMParguments=\count123
\everyMPshowfont=\toks21
\MPscratchCnt=\count124
\MPscratchDim=\dimen120
\MPnumerator=\count125
\makeMPintoPDFobject=\count126
\everyMPtoPDFconversion=\toks22
) (/usr/local/texlive/2014/texmf-dist/tex/generic/oberdiek/pdftexcmds.sty
Package: pdftexcmds 2011/11/29 v0.20 Utility functions of pdfTeX for LuaTeX (HO
)

(/usr/local/texlive/2014/texmf-dist/tex/generic/oberdiek/ifluatex.sty
Package: ifluatex 2010/03/01 v1.3 Provides the ifluatex switch (HO)
Package ifluatex Info: LuaTeX not detected.
)
(/usr/local/texlive/2014/texmf-dist/tex/generic/oberdiek/ifpdf.sty
Package: ifpdf 2011/01/30 v2.3 Provides the ifpdf switch (HO)
Package ifpdf Info: pdfTeX in PDF mode is detected.
)
Package pdftexcmds Info: LuaTeX not detected.
Package pdftexcmds Info: \pdf@primitive is available.
Package pdftexcmds Info: \pdf@ifprimitive is available.
Package pdftexcmds Info: \pdfdraftmode found.
)
(/usr/local/texlive/2014/texmf-dist/tex/latex/oberdiek/epstopdf-base.sty
Package: epstopdf-base 2010/02/09 v2.5 Base part for package epstopdf

(/usr/local/texlive/2014/texmf-dist/tex/latex/oberdiek/grfext.sty
Package: grfext 2010/08/19 v1.1 Manage graphics extensions (HO)

(/usr/local/texlive/2014/texmf-dist/tex/generic/oberdiek/kvdefinekeys.sty
Package: kvdefinekeys 2011/04/07 v1.3 Define keys (HO)
))
(/usr/local/texlive/2014/texmf-dist/tex/latex/oberdiek/kvoptions.sty
Package: kvoptions 2011/06/30 v3.11 Key value format for package options (HO)

(/usr/local/texlive/2014/texmf-dist/tex/generic/oberdiek/kvsetkeys.sty
Package: kvsetkeys 2012/04/25 v1.16 Key value parser (HO)

(/usr/local/texlive/2014/texmf-dist/tex/generic/oberdiek/etexcmds.sty
Package: etexcmds 2011/02/16 v1.5 Avoid name clashes with e-TeX commands (HO)
Package etexcmds Info: Could not find \expanded.
(etexcmds)             That can mean that you are not using pdfTeX 1.50 or
(etexcmds)             that some package has redefined \expanded.
(etexcmds)             In the latter case, load this package earlier.
)))
Package grfext Info: Graphics extension search list:
(grfext)             [.png,.pdf,.jpg,.mps,.jpeg,.jbig2,.jb2,.PNG,.PDF,.JPG,.JPE
G,.JBIG2,.JB2,.eps]
(grfext)             \AppendGraphicsExtensions on input line 452.

(/usr/local/texlive/2014/texmf-dist/tex/latex/latexconfig/epstopdf-sys.cfg
File: epstopdf-sys.cfg 2010/07/13 v1.3 Configuration of (r)epstopdf for TeX Liv
e
))
LaTeX Font Info:    Try loading font information for U+eur on input line 63.

(/usr/local/texlive/2014/texmf-dist/tex/latex/amsfonts/ueur.fd
File: ueur.fd 2013/01/14 v3.01 Euler Roman
)
LaTeX Font Info:    Try loading font information for U+msa on input line 63.

(/usr/local/texlive/2014/texmf-dist/tex/latex/amsfonts/umsa.fd
File: umsa.fd 2013/01/14 v3.01 AMS symbols A
)
LaTeX Font Info:    Try loading font information for U+msb on input line 63.

(/usr/local/texlive/2014/texmf-dist/tex/latex/amsfonts/umsb.fd
File: umsb.fd 2013/01/14 v3.01 AMS symbols B
)
Underfull \vbox (badness 10000) has occurred while \output is active []

LaTeX Font Info:    Try loading font information for OMS+cmr on input line 124.


(/usr/local/texlive/2014/texmf-dist/tex/latex/base/omscmr.fd
File: omscmr.fd 1999/05/25 v2.5h Standard LaTeX font definitions
)
LaTeX Font Info:    Font shape `OMS/cmr/m/n' in size <8> not available
(Font)              Font shape `OMS/cmsy/m/n' tried instead on input line 124.
 [1{/usr/local/texlive/2014/texmf-var/fonts/map/pdftex/updmap/pdftex.map}


]
LaTeX Font Info:    Font shape `OMS/cmr/m/n' in size <9> not available
(Font)              Font shape `OMS/cmsy/m/n' tried instead on input line 152.
 [2]
Missing character: There is no   in font cmr9!
Missing character: There is no   in font cmr9!
Package epstopdf Info: Source file: <sampling_simulation_log/triangular_samplin
g.eps>
(epstopdf)                    date: 2015-08-23 01:41:06
(epstopdf)                    size: 347706 bytes
(epstopdf)             Output file: <sampling_simulation_log/triangular_samplin
g-eps-converted-to.pdf>
(epstopdf)                    date: 2015-08-23 01:45:45
(epstopdf)                    size: 144510 bytes
(epstopdf)             Command: <repstopdf --outfile=sampling_simulation_log/tr
iangular_sampling-eps-converted-to.pdf sampling_simulation_log/triangular_sampl
ing.eps>
(epstopdf)             \includegraphics on input line 240.
Package epstopdf Info: Output file is already uptodate.

<sampling_simulation_log/triangular_sampling-eps-converted-to.pdf, id=30, 244.9
15pt x 234.8775pt>
File: sampling_simulation_log/triangular_sampling-eps-converted-to.pdf Graphic 
file (type pdf)

<use sampling_simulation_log/triangular_sampling-eps-converted-to.pdf>
Package pdftex.def Info: sampling_simulation_log/triangular_sampling-eps-conver
ted-to.pdf used on input line 240.
(pdftex.def)             Requested size: 244.91438pt x 234.87692pt.

Overfull \hbox (4.91438pt too wide) in paragraph at lines 240--243
[][] 
 []

[3 <./sampling_simulation_log/triangular_sampling-eps-converted-to.pdf>]
Package epstopdf Info: Source file: <coefficients_check_exp/exponential_ldcs.ep
s>
(epstopdf)                    date: 2015-09-22 22:10:14
(epstopdf)                    size: 1145530 bytes
(epstopdf)             Output file: <coefficients_check_exp/exponential_ldcs-ep
s-converted-to.pdf>
(epstopdf)                    date: 2015-09-23 00:41:57
(epstopdf)                    size: 366589 bytes
(epstopdf)             Command: <repstopdf --outfile=coefficients_check_exp/exp
onential_ldcs-eps-converted-to.pdf coefficients_check_exp/exponential_ldcs.eps>

(epstopdf)             \includegraphics on input line 317.
Package epstopdf Info: Output file is already uptodate.

<coefficients_check_exp/exponential_ldcs-eps-converted-to.pdf, id=53, 247.92625
pt x 288.07625pt>
File: coefficients_check_exp/exponential_ldcs-eps-converted-to.pdf Graphic file
 (type pdf)

<use coefficients_check_exp/exponential_ldcs-eps-converted-to.pdf>
Package pdftex.def Info: coefficients_check_exp/exponential_ldcs-eps-converted-
to.pdf used on input line 317.
(pdftex.def)             Requested size: 247.92564pt x 288.07553pt.

Overfull \hbox (7.92564pt too wide) in paragraph at lines 317--321
[][] 
 []


Underfull \vbox (badness 10000) has occurred while \output is active []

 [4 <./coefficients_check_exp/exponential_ldcs-eps-converted-to.pdf>]
Package epstopdf Info: Source file: <bias_transit_params/all_laws/b_0.0/simulat
ion_b_00_float.eps>
(epstopdf)                    date: 2015-09-29 14:14:39
(epstopdf)                    size: 211465 bytes
(epstopdf)             Output file: <bias_transit_params/all_laws/b_0.0/simulat
ion_b_00_float-eps-converted-to.pdf>
(epstopdf)                    date: 2015-09-29 14:16:00
(epstopdf)                    size: 52833 bytes
(epstopdf)             Command: <repstopdf --outfile=bias_transit_params/all_la
ws/b_0.0/simulation_b_00_float-eps-converted-to.pdf bias_transit_params/all_law
s/b_0.0/simulation_b_00_float.eps>
(epstopdf)             \includegraphics on input line 393.
Package epstopdf Info: Output file is already uptodate.

<bias_transit_params/all_laws/b_0.0/simulation_b_00_float-eps-converted-to.pdf,
 id=67, 678.535pt x 247.92625pt>
File: bias_transit_params/all_laws/b_0.0/simulation_b_00_float-eps-converted-to
.pdf Graphic file (type pdf)

<use bias_transit_params/all_laws/b_0.0/simulation_b_00_float-eps-converted-to.
pdf>
Package pdftex.def Info: bias_transit_params/all_laws/b_0.0/simulation_b_00_flo
at-eps-converted-to.pdf used on input line 393.
(pdftex.def)             Requested size: 542.82874pt x 198.34126pt.

Overfull \hbox (38.82874pt too wide) in paragraph at lines 393--395
 [][] 
 []

[5]
Package epstopdf Info: Source file: <bias_transit_params/all_laws/b_0.3/simulat
ion_b_03_float.eps>
(epstopdf)                    date: 2015-09-16 12:14:19
(epstopdf)                    size: 1140501 bytes
(epstopdf)             Output file: <bias_transit_params/all_laws/b_0.3/simulat
ion_b_03_float-eps-converted-to.pdf>
(epstopdf)                    date: 2015-09-27 06:16:07
(epstopdf)                    size: 329876 bytes
(epstopdf)             Command: <repstopdf --outfile=bias_transit_params/all_la
ws/b_0.3/simulation_b_03_float-eps-converted-to.pdf bias_transit_params/all_law
s/b_0.3/simulation_b_03_float.eps>
(epstopdf)             \includegraphics on input line 428.
Package epstopdf Info: Output file is already uptodate.

<bias_transit_params/all_laws/b_0.3/simulation_b_03_float-eps-converted-to.pdf,
 id=72, 682.55pt x 367.3725pt>
File: bias_transit_params/all_laws/b_0.3/simulation_b_03_float-eps-converted-to
.pdf Graphic file (type pdf)

<use bias_transit_params/all_laws/b_0.3/simulation_b_03_float-eps-converted-to.
pdf>
Package pdftex.def Info: bias_transit_params/all_laws/b_0.3/simulation_b_03_flo
at-eps-converted-to.pdf used on input line 428.
(pdftex.def)             Requested size: 546.04074pt x 293.89838pt.

Overfull \hbox (42.04074pt too wide) in paragraph at lines 428--430
 [][] 
 []

Package epstopdf Info: Source file: <bias_transit_params/all_laws/b_0.8/simulat
ion_b_08_float.eps>
(epstopdf)                    date: 2015-09-16 12:38:35
(epstopdf)                    size: 1140147 bytes
(epstopdf)             Output file: <bias_transit_params/all_laws/b_0.8/simulat
ion_b_08_float-eps-converted-to.pdf>
(epstopdf)                    date: 2015-09-27 06:18:03
(epstopdf)                    size: 321362 bytes
(epstopdf)             Command: <repstopdf --outfile=bias_transit_params/all_la
ws/b_0.8/simulation_b_08_float-eps-converted-to.pdf bias_transit_params/all_law
s/b_0.8/simulation_b_08_float.eps>
(epstopdf)             \includegraphics on input line 435.
Package epstopdf Info: Output file is already uptodate.

<bias_transit_params/all_laws/b_0.8/simulation_b_08_float-eps-converted-to.pdf,
 id=73, 687.56876pt x 367.3725pt>
File: bias_transit_params/all_laws/b_0.8/simulation_b_08_float-eps-converted-to
.pdf Graphic file (type pdf)

<use bias_transit_params/all_laws/b_0.8/simulation_b_08_float-eps-converted-to.
pdf>
Package pdftex.def Info: bias_transit_params/all_laws/b_0.8/simulation_b_08_flo
at-eps-converted-to.pdf used on input line 435.
(pdftex.def)             Requested size: 550.05576pt x 293.89838pt.

Overfull \hbox (46.05576pt too wide) in paragraph at lines 435--437
 [][] 
 []

Missing character: There is no â in font cmr9!
Missing character: There is no € in font cmr9!
Missing character: There is no ™ in font cmr9!

Underfull \hbox (badness 3118) in paragraph at lines 460--466
\OT1/cmr/m/n/9 cional. A.J. ac-knowl-edges sup-port from FONDE-CYT
 []

[6 <./bias_transit_params/all_laws/b_0.0/simulation_b_00_float-eps-converted-to
.pdf>]

Package natbib Warning: There were multiply defined citations.

[7

 <./bias_transit_params/all_laws/b_0.3/simulation_b_03_float-eps-converted-to.p
df>]
Underfull \vbox (badness 10000) has occurred while \output is active []

 [8 <./bias_transit_params/all_laws/b_0.8/simulation_b_08_float-eps-converted-t
o.pdf>]
(./which_law_2_use.aux

Package natbib Warning: Citation(s) may have changed.
(natbib)                Rerun to get citations correct.

) ) 
Here is how much of TeX's memory you used:
 3159 strings out of 493117
 43728 string characters out of 6135433
 114943 words of memory out of 5000000
 6546 multiletter control sequences out of 15000+600000
 19877 words of font info for 73 fonts, out of 8000000 for 9000
 1141 hyphenation exceptions out of 8191
 37i,14n,34p,446b,312s stack positions out of 5000i,500n,10000p,200000b,80000s
</usr/local/texlive/2014/texmf-dist/fonts/type1/public/amsfonts/cm/cmbx10.pf
b></usr/local/texlive/2014/texmf-dist/fonts/type1/public/amsfonts/cm/cmbx12.pfb
></usr/local/texlive/2014/texmf-dist/fonts/type1/public/amsfonts/cm/cmbx8.pfb><
/usr/local/texlive/2014/texmf-dist/fonts/type1/public/amsfonts/cm/cmbx9.pfb></u
sr/local/texlive/2014/texmf-dist/fonts/type1/public/amsfonts/cmextra/cmex9.pfb>
</usr/local/texlive/2014/texmf-dist/fonts/type1/public/amsfonts/cm/cmmi10.pfb><
/usr/local/texlive/2014/texmf-dist/fonts/type1/public/amsfonts/cm/cmmi6.pfb></u
sr/local/texlive/2014/texmf-dist/fonts/type1/public/amsfonts/cm/cmmi7.pfb></usr
/local/texlive/2014/texmf-dist/fonts/type1/public/amsfonts/cm/cmmi8.pfb></usr/l
ocal/texlive/2014/texmf-dist/fonts/type1/public/amsfonts/cm/cmmi9.pfb></usr/loc
al/texlive/2014/texmf-dist/fonts/type1/public/amsfonts/cm/cmr10.pfb></usr/local
/texlive/2014/texmf-dist/fonts/type1/public/amsfonts/cm/cmr12.pfb></usr/local/t
exlive/2014/texmf-dist/fonts/type1/public/amsfonts/cm/cmr6.pfb></usr/local/texl
ive/2014/texmf-dist/fonts/type1/public/amsfonts/cm/cmr7.pfb></usr/local/texlive
/2014/texmf-dist/fonts/type1/public/amsfonts/cm/cmr8.pfb></usr/local/texlive/20
14/texmf-dist/fonts/type1/public/amsfonts/cm/cmr9.pfb></usr/local/texlive/2014/
texmf-dist/fonts/type1/public/amsfonts/cm/cmsy10.pfb></usr/local/texlive/2014/t
exmf-dist/fonts/type1/public/amsfonts/cm/cmsy6.pfb></usr/local/texlive/2014/tex
mf-dist/fonts/type1/public/amsfonts/cm/cmsy8.pfb></usr/local/texlive/2014/texmf
-dist/fonts/type1/public/amsfonts/cm/cmsy9.pfb></usr/local/texlive/2014/texmf-d
ist/fonts/type1/public/amsfonts/cm/cmti12.pfb></usr/local/texlive/2014/texmf-di
st/fonts/type1/public/amsfonts/cm/cmti8.pfb></usr/local/texlive/2014/texmf-dist
/fonts/type1/public/amsfonts/cm/cmti9.pfb></usr/local/texlive/2014/texmf-dist/f
onts/type1/public/amsfonts/cm/cmtt8.pfb></usr/local/texlive/2014/texmf-dist/fon
ts/type1/public/amsfonts/cm/cmtt9.pfb>
Output written on which_law_2_use.pdf (8 pages, 1477717 bytes).
PDF statistics:
 194 PDF objects out of 1000 (max. 8388607)
 152 compressed objects within 2 object streams
 0 named destinations out of 1000 (max. 500000)
 26 words of extra memory for PDF output out of 10000 (max. 10000000)

